<?xml version="1.0" encoding="UTF-8"?>
<testng-results skipped="0" failed="0" total="4" passed="4">
  <reporter-output>
  </reporter-output>
  <suite name="Default suite" duration-ms="27158" started-at="2015-09-06T13:03:30Z" finished-at="2015-09-06T13:03:57Z">
    <groups>
    </groups>
    <test name="Default test" duration-ms="27158" started-at="2015-09-06T13:03:30Z" finished-at="2015-09-06T13:03:57Z">
      <class name="com.example.tests.ALSOGroupCreationTests">
        <test-method status="PASS" signature="testEmptyGroupCreation()[pri:0, instance:com.example.tests.ALSOGroupCreationTests@4aed64]" name="testEmptyGroupCreation" duration-ms="1298" started-at="2015-09-06T19:03:52Z" finished-at="2015-09-06T19:03:54Z">
          <reporter-output>
          </reporter-output>
        </test-method> <!-- testEmptyGroupCreation -->
        <test-method status="PASS" signature="testNonEmptyGroupCreation()[pri:0, instance:com.example.tests.ALSOGroupCreationTests@4aed64]" name="testNonEmptyGroupCreation" duration-ms="1521" started-at="2015-09-06T19:03:54Z" finished-at="2015-09-06T19:03:55Z">
          <reporter-output>
          </reporter-output>
        </test-method> <!-- testNonEmptyGroupCreation -->
      </class> <!-- com.example.tests.ALSOGroupCreationTests -->
      <class name="com.example.tests.GroupCreationTests">
        <test-method status="PASS" signature="setUp()[pri:0, instance:com.example.tests.GroupCreationTests@1fe5c6f]" name="setUp" is-config="true" duration-ms="14849" started-at="2015-09-06T19:03:30Z" finished-at="2015-09-06T19:03:45Z">
          <reporter-output>
          </reporter-output>
        </test-method> <!-- setUp -->
        <test-method status="PASS" signature="testEmptyGroupCreation()[pri:0, instance:com.example.tests.GroupCreationTests@1fe5c6f]" name="testEmptyGroupCreation" duration-ms="4447" started-at="2015-09-06T19:03:45Z" finished-at="2015-09-06T19:03:50Z">
          <reporter-output>
          </reporter-output>
        </test-method> <!-- testEmptyGroupCreation -->
        <test-method status="PASS" signature="testNonEmptyGroupCreation()[pri:0, instance:com.example.tests.GroupCreationTests@1fe5c6f]" name="testNonEmptyGroupCreation" duration-ms="2553" started-at="2015-09-06T19:03:50Z" finished-at="2015-09-06T19:03:52Z">
          <reporter-output>
          </reporter-output>
        </test-method> <!-- testNonEmptyGroupCreation -->
        <test-method status="PASS" signature="tearDown()[pri:0, instance:com.example.tests.GroupCreationTests@1fe5c6f]" name="tearDown" is-config="true" duration-ms="2224" started-at="2015-09-06T19:03:55Z" finished-at="2015-09-06T19:03:57Z">
          <reporter-output>
          </reporter-output>
        </test-method> <!-- tearDown -->
      </class> <!-- com.example.tests.GroupCreationTests -->
    </test> <!-- Default test -->
  </suite> <!-- Default suite -->
</testng-results>
