<?xml version="1.0" encoding="UTF-8"?>
<testng-results skipped="0" failed="0" total="4" passed="4">
  <reporter-output>
  </reporter-output>
  <suite name="Default suite" duration-ms="84460" started-at="2015-08-31T17:34:58Z" finished-at="2015-08-31T17:36:22Z">
    <groups>
    </groups>
    <test name="Default test" duration-ms="84460" started-at="2015-08-31T17:34:58Z" finished-at="2015-08-31T17:36:22Z">
      <class name="com.example.tests.ALSOGroupCreationTests">
        <test-method status="PASS" signature="testEmptyGroupCreation()[pri:0, instance:com.example.tests.ALSOGroupCreationTests@4aed64]" name="testEmptyGroupCreation" duration-ms="1413" started-at="2015-08-31T23:36:16Z" finished-at="2015-08-31T23:36:17Z">
          <reporter-output>
          </reporter-output>
        </test-method> <!-- testEmptyGroupCreation -->
        <test-method status="PASS" signature="testNonEmptyGroupCreation()[pri:0, instance:com.example.tests.ALSOGroupCreationTests@4aed64]" name="testNonEmptyGroupCreation" duration-ms="1936" started-at="2015-08-31T23:36:17Z" finished-at="2015-08-31T23:36:19Z">
          <reporter-output>
          </reporter-output>
        </test-method> <!-- testNonEmptyGroupCreation -->
      </class> <!-- com.example.tests.ALSOGroupCreationTests -->
      <class name="com.example.tests.GroupCreationTests">
        <test-method status="PASS" signature="setUp()[pri:0, instance:com.example.tests.GroupCreationTests@1fe5c6f]" name="setUp" is-config="true" duration-ms="40214" started-at="2015-08-31T23:34:58Z" finished-at="2015-08-31T23:35:38Z">
          <reporter-output>
          </reporter-output>
        </test-method> <!-- setUp -->
        <test-method status="PASS" signature="testEmptyGroupCreation()[pri:0, instance:com.example.tests.GroupCreationTests@1fe5c6f]" name="testEmptyGroupCreation" duration-ms="34297" started-at="2015-08-31T23:35:38Z" finished-at="2015-08-31T23:36:12Z">
          <reporter-output>
          </reporter-output>
        </test-method> <!-- testEmptyGroupCreation -->
        <test-method status="PASS" signature="testNonEmptyGroupCreation()[pri:0, instance:com.example.tests.GroupCreationTests@1fe5c6f]" name="testNonEmptyGroupCreation" duration-ms="3240" started-at="2015-08-31T23:36:12Z" finished-at="2015-08-31T23:36:16Z">
          <reporter-output>
          </reporter-output>
        </test-method> <!-- testNonEmptyGroupCreation -->
        <test-method status="PASS" signature="tearDown()[pri:0, instance:com.example.tests.GroupCreationTests@1fe5c6f]" name="tearDown" is-config="true" duration-ms="3320" started-at="2015-08-31T23:36:19Z" finished-at="2015-08-31T23:36:22Z">
          <reporter-output>
          </reporter-output>
        </test-method> <!-- tearDown -->
      </class> <!-- com.example.tests.GroupCreationTests -->
    </test> <!-- Default test -->
  </suite> <!-- Default suite -->
</testng-results>
