<?xml version="1.0" encoding="UTF-8"?>
<!-- Generated by org.testng.reporters.JUnitXMLReporter -->
<testsuite hostname="Alex_comp" name="Default test" tests="4" failures="0" timestamp="31 Aug 2015 17:36:23 GMT" time="84.46" errors="0">
  <testcase name="testEmptyGroupCreation" time="34.297" classname="com.example.tests.GroupCreationTests"/>
  <testcase name="testNonEmptyGroupCreation" time="3.24" classname="com.example.tests.GroupCreationTests"/>
  <testcase name="testEmptyGroupCreation" time="1.413" classname="com.example.tests.ALSOGroupCreationTests"/>
  <testcase name="testNonEmptyGroupCreation" time="1.936" classname="com.example.tests.ALSOGroupCreationTests"/>
</testsuite> <!-- Default test -->
