<?xml version="1.0" encoding="UTF-8"?>
<!-- Generated by org.testng.reporters.JUnitXMLReporter -->
<testsuite hostname="Alex_comp" name="Default test" tests="4" failures="0" timestamp="6 Sep 2015 13:03:57 GMT" time="27.158" errors="0">
  <testcase name="testEmptyGroupCreation" time="4.447" classname="com.example.tests.GroupCreationTests"/>
  <testcase name="testNonEmptyGroupCreation" time="2.553" classname="com.example.tests.GroupCreationTests"/>
  <testcase name="testEmptyGroupCreation" time="1.298" classname="com.example.tests.ALSOGroupCreationTests"/>
  <testcase name="testNonEmptyGroupCreation" time="1.521" classname="com.example.tests.ALSOGroupCreationTests"/>
</testsuite> <!-- Default test -->
